2026-03-15 16:47:00 +06:00: 
╔════════════════════════════════════════╗
║   🚀 DEV NAIMUL PORTFOLIO API RUNNING  ║
╠════════════════════════════════════════╣
║ Port: 3000
║ PID: 17688
║ Environment: production
║ Uptime: 1.55s
╚════════════════════════════════════════╝
  
2026-03-15 16:47:00 +06:00: ✅ MongoDB Connected Successfully
2026-03-15 16:47:00 +06:00: 
╔════════════════════════════════════════╗
║   🚀 DEV NAIMUL PORTFOLIO API RUNNING  ║
╠════════════════════════════════════════╣
║ Port: 3000
║ PID: 12472
║ Environment: production
║ Uptime: 1.58s
╚════════════════════════════════════════╝
  
2026-03-15 16:47:00 +06:00: ✅ MongoDB Connected Successfully
2026-03-15 16:47:02 +06:00: 
╔════════════════════════════════════════╗
║   🚀 DEV NAIMUL PORTFOLIO API RUNNING  ║
╠════════════════════════════════════════╣
║ Port: 3000
║ PID: 15712
║ Environment: production
║ Uptime: 1.17s
╚════════════════════════════════════════╝
  
2026-03-15 16:47:02 +06:00: 
╔════════════════════════════════════════╗
║   🚀 DEV NAIMUL PORTFOLIO API RUNNING  ║
╠════════════════════════════════════════╣
║ Port: 3000
║ PID: 13048
║ Environment: production
║ Uptime: 1.18s
╚════════════════════════════════════════╝
  
2026-03-15 16:47:02 +06:00: ✅ MongoDB Connected Successfully
2026-03-15 16:47:02 +06:00: ✅ MongoDB Connected Successfully
2026-03-15 16:47:02 +06:00: 
╔════════════════════════════════════════╗
║   🚀 DEV NAIMUL PORTFOLIO API RUNNING  ║
╠════════════════════════════════════════╣
║ Port: 3000
║ PID: 15244
║ Environment: production
║ Uptime: 1.16s
╚════════════════════════════════════════╝
  
2026-03-15 16:47:02 +06:00: ✅ MongoDB Connected Successfully
2026-03-15 16:47:02 +06:00: 
╔════════════════════════════════════════╗
║   🚀 DEV NAIMUL PORTFOLIO API RUNNING  ║
╠════════════════════════════════════════╣
║ Port: 3000
║ PID: 6120
║ Environment: production
║ Uptime: 1.18s
╚════════════════════════════════════════╝
  
2026-03-15 16:47:02 +06:00: ✅ MongoDB Connected Successfully
2026-03-15 16:47:07 +06:00: 
╔════════════════════════════════════════╗
║   🚀 DEV NAIMUL PORTFOLIO API RUNNING  ║
╠════════════════════════════════════════╣
║ Port: 3000
║ PID: 5808
║ Environment: production
║ Uptime: 1.58s
╚════════════════════════════════════════╝
  
2026-03-15 16:47:07 +06:00: ✅ MongoDB Connected Successfully
2026-03-15 16:47:09 +06:00: 
╔════════════════════════════════════════╗
║   🚀 DEV NAIMUL PORTFOLIO API RUNNING  ║
╠════════════════════════════════════════╣
║ Port: 3000
║ PID: 18068
║ Environment: production
║ Uptime: 1.48s
╚════════════════════════════════════════╝
  
2026-03-15 16:47:09 +06:00: ✅ MongoDB Connected Successfully
2026-03-15 16:47:09 +06:00: 
╔════════════════════════════════════════╗
║   🚀 DEV NAIMUL PORTFOLIO API RUNNING  ║
╠════════════════════════════════════════╣
║ Port: 3000
║ PID: 11944
║ Environment: production
║ Uptime: 1.27s
╚════════════════════════════════════════╝
  
2026-03-15 16:47:09 +06:00: 
╔════════════════════════════════════════╗
║   🚀 DEV NAIMUL PORTFOLIO API RUNNING  ║
╠════════════════════════════════════════╣
║ Port: 3000
║ PID: 18508
║ Environment: production
║ Uptime: 1.29s
╚════════════════════════════════════════╝
  
2026-03-15 16:47:09 +06:00: ✅ MongoDB Connected Successfully
2026-03-15 16:47:09 +06:00: ✅ MongoDB Connected Successfully
2026-03-15 16:47:09 +06:00: 
╔════════════════════════════════════════╗
║   🚀 DEV NAIMUL PORTFOLIO API RUNNING  ║
╠════════════════════════════════════════╣
║ Port: 3000
║ PID: 1892
║ Environment: production
║ Uptime: 1.09s
╚════════════════════════════════════════╝
  
2026-03-15 16:47:09 +06:00: ✅ MongoDB Connected Successfully
2026-03-15 16:48:16 +06:00: 
╔════════════════════════════════════════╗
║   🚀 DEV NAIMUL PORTFOLIO API RUNNING  ║
╠════════════════════════════════════════╣
║ Port: 3000
║ PID: 18156
║ Environment: production
║ Uptime: 1.45s
╚════════════════════════════════════════╝
  
2026-03-15 16:48:16 +06:00: 
╔════════════════════════════════════════╗
║   🚀 DEV NAIMUL PORTFOLIO API RUNNING  ║
╠════════════════════════════════════════╣
║ Port: 3000
║ PID: 15964
║ Environment: production
║ Uptime: 1.50s
╚════════════════════════════════════════╝
  
2026-03-15 16:48:16 +06:00: ✅ MongoDB Connected Successfully
2026-03-15 16:48:16 +06:00: ✅ MongoDB Connected Successfully
2026-03-15 16:48:16 +06:00: 
╔════════════════════════════════════════╗
║   🚀 DEV NAIMUL PORTFOLIO API RUNNING  ║
╠════════════════════════════════════════╣
║ Port: 3000
║ PID: 19028
║ Environment: production
║ Uptime: 1.53s
╚════════════════════════════════════════╝
  
2026-03-15 16:48:16 +06:00: ✅ MongoDB Connected Successfully
2026-03-15 16:48:16 +06:00: 
╔════════════════════════════════════════╗
║   🚀 DEV NAIMUL PORTFOLIO API RUNNING  ║
╠════════════════════════════════════════╣
║ Port: 3000
║ PID: 17000
║ Environment: production
║ Uptime: 1.52s
╚════════════════════════════════════════╝
  
2026-03-15 16:48:16 +06:00: ✅ MongoDB Connected Successfully
2026-03-15 16:52:06 +06:00: 
╔════════════════════════════════════════╗
║   🚀 DEV NAIMUL PORTFOLIO API RUNNING  ║
╠════════════════════════════════════════╣
║ Port: 3000
║ PID: 14812
║ Environment: production
║ Uptime: 1.43s
╚════════════════════════════════════════╝
  
2026-03-15 16:52:06 +06:00: 
╔════════════════════════════════════════╗
║   🚀 DEV NAIMUL PORTFOLIO API RUNNING  ║
╠════════════════════════════════════════╣
║ Port: 3000
║ PID: 19140
║ Environment: production
║ Uptime: 1.43s
╚════════════════════════════════════════╝
  
2026-03-15 16:52:06 +06:00: ✅ MongoDB Connected Successfully
2026-03-15 16:52:06 +06:00: ✅ MongoDB Connected Successfully
2026-03-15 16:52:06 +06:00: 
╔════════════════════════════════════════╗
║   🚀 DEV NAIMUL PORTFOLIO API RUNNING  ║
╠════════════════════════════════════════╣
║ Port: 3000
║ PID: 19924
║ Environment: production
║ Uptime: 1.23s
╚════════════════════════════════════════╝
  
2026-03-15 16:52:06 +06:00: 
╔════════════════════════════════════════╗
║   🚀 DEV NAIMUL PORTFOLIO API RUNNING  ║
╠════════════════════════════════════════╣
║ Port: 3000
║ PID: 4640
║ Environment: production
║ Uptime: 1.27s
╚════════════════════════════════════════╝
  
2026-03-15 16:52:06 +06:00: ✅ MongoDB Connected Successfully
2026-03-15 16:52:06 +06:00: ✅ MongoDB Connected Successfully
2026-03-15 16:52:09 +06:00: 
╔════════════════════════════════════════╗
║   🚀 DEV NAIMUL PORTFOLIO API RUNNING  ║
╠════════════════════════════════════════╣
║ Port: 3000
║ PID: 7504
║ Environment: production
║ Uptime: 1.40s
╚════════════════════════════════════════╝
  
2026-03-15 16:52:09 +06:00: 
╔════════════════════════════════════════╗
║   🚀 DEV NAIMUL PORTFOLIO API RUNNING  ║
╠════════════════════════════════════════╣
║ Port: 3000
║ PID: 7784
║ Environment: production
║ Uptime: 1.39s
╚════════════════════════════════════════╝
  
2026-03-15 16:52:09 +06:00: ✅ MongoDB Connected Successfully
2026-03-15 16:52:09 +06:00: ✅ MongoDB Connected Successfully
2026-03-15 16:52:09 +06:00: 
╔════════════════════════════════════════╗
║   🚀 DEV NAIMUL PORTFOLIO API RUNNING  ║
╠════════════════════════════════════════╣
║ Port: 3000
║ PID: 16364
║ Environment: production
║ Uptime: 1.19s
╚════════════════════════════════════════╝
  
2026-03-15 16:52:09 +06:00: ✅ MongoDB Connected Successfully
2026-03-15 16:52:09 +06:00: 
╔════════════════════════════════════════╗
║   🚀 DEV NAIMUL PORTFOLIO API RUNNING  ║
╠════════════════════════════════════════╣
║ Port: 3000
║ PID: 17692
║ Environment: production
║ Uptime: 1.18s
╚════════════════════════════════════════╝
  
2026-03-15 16:52:09 +06:00: ✅ MongoDB Connected Successfully
